<?xml version="1.0" encoding="UTF-8"?>
<!-- Generated by org.testng.reporters.JUnitReportReporter -->
<testsuite hostname="LAPTOP-8FIL7R3D" failures="0" tests="4" name="TestScripts.FaceBookTestCases" time="20.904" errors="0" timestamp="2023-01-19T19:25:50 IST" skipped="0">
  <testcase classname="TestScripts.FaceBookTestCases" name="LoginFunctionality" time="4.742"/>
  <system-out/>
  <testcase classname="TestScripts.FaceBookTestCases" name="LoginFunctionality" time="6.532"/>
  <system-out/>
  <testcase classname="TestScripts.FaceBookTestCases" name="LoginFunctionality" time="4.863"/>
  <system-out/>
  <testcase classname="TestScripts.FaceBookTestCases" name="LoginFunctionality" time="4.767"/>
  <system-out/>
</testsuite> <!-- TestScripts.FaceBookTestCases -->
