<?xml version="1.0" encoding="UTF-8"?>
<!-- Generated by org.testng.reporters.JUnitReportReporter -->
<testsuite hostname="DESKTOP-F4JKS43" failures="0" tests="1" name="TestScripts.TestCases" time="8.771" errors="0" timestamp="2023-01-25T16:37:39 IST" skipped="0">
  <testcase classname="TestScripts.TestCases" name="EndToEndFlow" time="8.771"/>
  <system-out/>
</testsuite> <!-- TestScripts.TestCases -->
